0 info it worked if it ends with ok
1 verbose cli [ '/usr/local/bin/node', '/usr/local/bin/npm', 'install' ]
2 info using npm@1.3.11
3 info using node@v0.11.8-pre
4 verbose readDependencies using package.json deps
5 verbose install where, deps [ '/home/victor/Documents/Projects/eaaweb-master',
5 verbose install   [ 'express', 'jade', 'stylus', 'sockjs' ] ]
6 info preinstall application-name@0.0.1
7 verbose readDependencies using package.json deps
8 verbose already installed skipping express@3.4.2 /home/victor/Documents/Projects/eaaweb-master
9 verbose already installed skipping jade@* /home/victor/Documents/Projects/eaaweb-master
10 verbose already installed skipping stylus@* /home/victor/Documents/Projects/eaaweb-master
11 verbose cache add [ 'sockjs@latest', null ]
12 verbose cache add name=undefined spec="sockjs@latest" args=["sockjs@latest",null]
13 verbose parsed url { protocol: null,
13 verbose parsed url   slashes: null,
13 verbose parsed url   auth: null,
13 verbose parsed url   host: null,
13 verbose parsed url   port: null,
13 verbose parsed url   hostname: null,
13 verbose parsed url   hash: null,
13 verbose parsed url   search: null,
13 verbose parsed url   query: null,
13 verbose parsed url   pathname: 'sockjs@latest',
13 verbose parsed url   path: 'sockjs@latest',
13 verbose parsed url   href: 'sockjs@latest' }
14 verbose cache add name="sockjs" spec="latest" args=["sockjs","latest"]
15 verbose parsed url { protocol: null,
15 verbose parsed url   slashes: null,
15 verbose parsed url   auth: null,
15 verbose parsed url   host: null,
15 verbose parsed url   port: null,
15 verbose parsed url   hostname: null,
15 verbose parsed url   hash: null,
15 verbose parsed url   search: null,
15 verbose parsed url   query: null,
15 verbose parsed url   pathname: 'latest',
15 verbose parsed url   path: 'latest',
15 verbose parsed url   href: 'latest' }
16 verbose addNamed [ 'sockjs', 'latest' ]
17 verbose addNamed [ null, null ]
18 silly lockFile 2cdcfe9b-sockjs-latest sockjs@latest
19 verbose lock sockjs@latest /home/victor/.npm/2cdcfe9b-sockjs-latest.lock
20 silly lockFile 2cdcfe9b-sockjs-latest sockjs@latest
21 error Error: EACCES, open '/home/victor/.npm/2cdcfe9b-sockjs-latest.lock'
21 error  { [Error: EACCES, open '/home/victor/.npm/2cdcfe9b-sockjs-latest.lock']
21 error   stack: 'Error: EACCES, open \'/home/victor/.npm/2cdcfe9b-sockjs-latest.lock\'',
21 error   errno: -13,
21 error   code: 'EACCES',
21 error   path: '/home/victor/.npm/2cdcfe9b-sockjs-latest.lock' }
22 error Please try running this command again as root/Administrator.
23 error System Linux 3.11.0-13-generic
24 error command "/usr/local/bin/node" "/usr/local/bin/npm" "install"
25 error cwd /home/victor/Documents/Projects/eaaweb-master
26 error node -v v0.11.8-pre
27 error npm -v 1.3.11
28 error path /home/victor/.npm/2cdcfe9b-sockjs-latest.lock
29 error code EACCES
30 error errno -13
31 error stack Error: EACCES, open '/home/victor/.npm/2cdcfe9b-sockjs-latest.lock'
32 verbose exit [ -13, true ]
